Determining if the pthread_create exist failed with the following output:
Change Dir: /home/jay/Desktop/slam_proj/build/CMakeFiles/CMakeTmp

Run Build Command:"/usr/bin/make" "cmTC_5bc5d/fast"
/usr/bin/make -f CMakeFiles/cmTC_5bc5d.dir/build.make CMakeFiles/cmTC_5bc5d.dir/build
make[1]: Entering directory '/home/jay/Desktop/slam_proj/build/CMakeFiles/CMakeTmp'
Building C object CMakeFiles/cmTC_5bc5d.dir/CheckSymbolExists.c.o
/usr/bin/cc    -o CMakeFiles/cmTC_5bc5d.dir/CheckSymbolExists.c.o   -c /home/jay/Desktop/slam_proj/build/CMakeFiles/CMakeTmp/CheckSymbolExists.c
Linking C executable cmTC_5bc5d
/usr/bin/cmake -E cmake_link_script CMakeFiles/cmTC_5bc5d.dir/link.txt --verbose=1
/usr/bin/cc      -rdynamic CMakeFiles/cmTC_5bc5d.dir/CheckSymbolExists.c.o  -o cmTC_5bc5d 
CMakeFiles/cmTC_5bc5d.dir/CheckSymbolExists.c.o: In function `main':
CheckSymbolExists.c:(.text+0x14): undefined reference to `pthread_create'
CheckSymbolExists.c:(.text+0x18): undefined reference to `pthread_create'
collect2: error: ld returned 1 exit status
CMakeFiles/cmTC_5bc5d.dir/build.make:97: recipe for target 'cmTC_5bc5d' failed
make[1]: *** [cmTC_5bc5d] Error 1
make[1]: Leaving directory '/home/jay/Desktop/slam_proj/build/CMakeFiles/CMakeTmp'
Makefile:126: recipe for target 'cmTC_5bc5d/fast' failed
make: *** [cmTC_5bc5d/fast] Error 2

File /home/jay/Desktop/slam_proj/build/CMakeFiles/CMakeTmp/CheckSymbolExists.c:
/* */
#include <pthread.h>

int main(int argc, char** argv)
{
  (void)argv;
#ifndef pthread_create
  return ((int*)(&pthread_create))[argc];
#else
  (void)argc;
  return 0;
#endif
}

Determining if the function pthread_create exists in the pthreads failed with the following output:
Change Dir: /home/jay/Desktop/slam_proj/build/CMakeFiles/CMakeTmp

Run Build Command:"/usr/bin/make" "cmTC_0883d/fast"
/usr/bin/make -f CMakeFiles/cmTC_0883d.dir/build.make CMakeFiles/cmTC_0883d.dir/build
make[1]: Entering directory '/home/jay/Desktop/slam_proj/build/CMakeFiles/CMakeTmp'
Building C object CMakeFiles/cmTC_0883d.dir/CheckFunctionExists.c.o
/usr/bin/cc   -DCHECK_FUNCTION_EXISTS=pthread_create   -o CMakeFiles/cmTC_0883d.dir/CheckFunctionExists.c.o   -c /usr/share/cmake-3.10/Modules/CheckFunctionExists.c
Linking C executable cmTC_0883d
/usr/bin/cmake -E cmake_link_script CMakeFiles/cmTC_0883d.dir/link.txt --verbose=1
/usr/bin/cc  -DCHECK_FUNCTION_EXISTS=pthread_create    -rdynamic CMakeFiles/cmTC_0883d.dir/CheckFunctionExists.c.o  -o cmTC_0883d -lpthreads 
/usr/bin/ld: cannot find -lpthreads
collect2: error: ld returned 1 exit status
CMakeFiles/cmTC_0883d.dir/build.make:97: recipe for target 'cmTC_0883d' failed
make[1]: *** [cmTC_0883d] Error 1
make[1]: Leaving directory '/home/jay/Desktop/slam_proj/build/CMakeFiles/CMakeTmp'
Makefile:126: recipe for target 'cmTC_0883d/fast' failed
make: *** [cmTC_0883d/fast] Error 2


